<?xml version="1.0" encoding="UTF-8"?>
<!-- Generated by org.testng.reporters.JUnitReportReporter -->
<testsuite skipped="0" hostname="SANTOSH" name="nursing_Page_Tests.NursingDemo_Page_Test" tests="1" failures="0" timestamp="20 Mar 2023 03:05:23 GMT" time="19.403" errors="0">
  <testcase name="NursingDemoRegistration" time="19.403" classname="nursing_Page_Tests.NursingDemo_Page_Test"/>
</testsuite> <!-- nursing_Page_Tests.NursingDemo_Page_Test -->
