<?xml version="1.0" encoding="UTF-8"?>
<!-- Generated by org.testng.reporters.JUnitReportReporter -->
<testsuite skipped="0" hostname="SANTOSH" name="nursing_Page_Tests.NursingDemo_Page_Test" tests="2" failures="0" timestamp="18 Mar 2023 14:17:20 GMT" time="170.212" errors="0">
  <testcase name="NursingDemoRegistration" time="87.894" classname="nursing_Page_Tests.NursingDemo_Page_Test"/>
  <testcase name="NursingDemoDataProvider" time="82.318" classname="nursing_Page_Tests.NursingDemo_Page_Test"/>
</testsuite> <!-- nursing_Page_Tests.NursingDemo_Page_Test -->
