<?xml version="1.0" encoding="UTF-8"?>
<!-- Generated by org.testng.reporters.JUnitReportReporter -->
<testsuite skipped="0" hostname="SANTOSH" name="nursing_Page_Tests.NursingDemo_Page_Test" tests="1" failures="0" timestamp="23 Mar 2023 04:13:46 GMT" time="14.682" errors="0">
  <testcase name="DoctorConvIPD" time="14.682" classname="nursing_Page_Tests.NursingDemo_Page_Test"/>
</testsuite> <!-- nursing_Page_Tests.NursingDemo_Page_Test -->
