<?xml version="1.0" encoding="UTF-8"?>
<!-- Generated by org.testng.reporters.JUnitReportReporter -->
<testsuite skipped="0" hostname="SANTOSH" name="nursing_Page_Tests.NursingDemo_Page_Test" tests="1" failures="0" timestamp="09 Apr 2023 10:45:40 GMT" time="27.404" errors="0">
  <testcase name="NursingDemoRegistration" time="27.404" classname="nursing_Page_Tests.NursingDemo_Page_Test"/>
</testsuite> <!-- nursing_Page_Tests.NursingDemo_Page_Test -->
