<?xml version="1.0" encoding="UTF-8"?>
<!-- Generated by org.testng.reporters.JUnitReportReporter -->
<testsuite skipped="0" hostname="SANTOSH" name="nursing_Page_Tests.NursingDemo_Page_Test" tests="3" failures="0" timestamp="19 Mar 2023 07:15:47 GMT" time="265.339" errors="0">
  <testcase name="NursingDemoRegistration" time="92.680" classname="nursing_Page_Tests.NursingDemo_Page_Test"/>
  <testcase name="NursingDemoDataProvider" time="85.537" classname="nursing_Page_Tests.NursingDemo_Page_Test"/>
  <testcase name="NursingDemoDataProvider" time="87.122" classname="nursing_Page_Tests.NursingDemo_Page_Test"/>
</testsuite> <!-- nursing_Page_Tests.NursingDemo_Page_Test -->
